<?xml version="1.0" encoding="UTF-8"?>
<!-- Generated by org.testng.reporters.JUnitReportReporter -->
<testsuite hostname="DESKTOP-6M5KVK5" failures="0" tests="1" name="annotation.Annonation" time="0.003" errors="0" timestamp="01 Jul 2022 07:25:56 GMT" skipped="0">
  <testcase classname="annotation.Annonation" name="test5" time="0.003"/>
</testsuite> <!-- annotation.Annonation -->
