<?xml version="1.0" encoding="UTF-8"?>
<!-- Generated by org.testng.reporters.JUnitReportReporter -->
<testsuite hostname="DESKTOP-6M5KVK5" failures="0" tests="6" name="parallel.Parallel1" time="0.038" errors="0" timestamp="25 Jun 2022 09:43:43 GMT" skipped="0">
  <testcase classname="parallel.Parallel1" name="test3" time="0.007"/>
  <testcase classname="parallel.Parallel1" name="test2" time="0.007"/>
  <testcase classname="parallel.Parallel1" name="test1" time="0.007"/>
  <testcase classname="parallel.Parallel1" name="test" time="0.007"/>
  <testcase classname="parallel.Parallel1" name="test5" time="0.003"/>
  <testcase classname="parallel.Parallel1" name="test4" time="0.007"/>
</testsuite> <!-- parallel.Parallel1 -->
