<?xml version="1.0" encoding="UTF-8"?>
<!-- Generated by org.testng.reporters.JUnitReportReporter -->
<testsuite hostname="DESKTOP-6M5KVK5" failures="0" tests="2" name="task.FacebookTask" time="0.116" errors="0" timestamp="20 Jun 2022 15:09:02 GMT" skipped="0">
  <testcase classname="task.FacebookTask" name="userName" time="0.065"/>
  <testcase classname="task.FacebookTask" name="password" time="0.051"/>
</testsuite> <!-- task.FacebookTask -->
