<?xml version="1.0" encoding="UTF-8"?>
<!-- Generated by org.testng.reporters.JUnitReportReporter -->
<testsuite hostname="DESKTOP-6M5KVK5" failures="0" tests="1" name="listener.CrossBrowser" time="13.589" errors="0" timestamp="26 Jun 2022 15:15:02 GMT" skipped="0">
  <testcase classname="listener.CrossBrowser" name="launch" time="13.589"/>
</testsuite> <!-- listener.CrossBrowser -->
