<?xml version="1.0" encoding="UTF-8"?>
<!-- Generated by org.testng.reporters.JUnitReportReporter -->
<testsuite hostname="DESKTOP-6M5KVK5" failures="0" tests="6" name="parallel.Parallel2" time="0.009" errors="0" timestamp="25 Jun 2022 09:43:43 GMT" skipped="0">
  <testcase classname="parallel.Parallel2" name="test6" time="0.001"/>
  <testcase classname="parallel.Parallel2" name="test10" time="0.003"/>
  <testcase classname="parallel.Parallel2" name="test9" time="0.001"/>
  <testcase classname="parallel.Parallel2" name="test7" time="0.002"/>
  <testcase classname="parallel.Parallel2" name="test11" time="0.001"/>
  <testcase classname="parallel.Parallel2" name="test8" time="0.001"/>
</testsuite> <!-- parallel.Parallel2 -->
