<?xml version="1.0" encoding="UTF-8"?>
<!-- Generated by org.testng.reporters.JUnitReportReporter -->
<testsuite hostname="DESKTOP-6M5KVK5" failures="0" tests="4" name="grouping.Group3" time="0.006" errors="0" timestamp="20 Jun 2022 15:20:16 GMT" skipped="0">
  <testcase classname="grouping.Group3" name="test4" time="0.000"/>
  <testcase classname="grouping.Group3" name="test2" time="0.001"/>
  <testcase classname="grouping.Group3" name="test3" time="0.000"/>
  <testcase classname="grouping.Group3" name="test1" time="0.005"/>
</testsuite> <!-- grouping.Group3 -->
