<?xml version="1.0" encoding="UTF-8"?>
<!-- Generated by org.testng.reporters.JUnitReportReporter -->
<testsuite hostname="DESKTOP-6M5KVK5" failures="0" tests="3" name="sample.SampleTestSuiteFile" time="0.007" errors="0" timestamp="20 Jun 2022 07:24:49 GMT" skipped="0">
  <testcase classname="sample.SampleTestSuiteFile" name="test" time="0.005"/>
  <testcase classname="sample.SampleTestSuiteFile" name="test1" time="0.001"/>
  <testcase classname="sample.SampleTestSuiteFile" name="test2" time="0.001"/>
</testsuite> <!-- sample.SampleTestSuiteFile -->
