<?xml version="1.0" encoding="UTF-8"?>
<!-- Generated by org.testng.reporters.JUnitReportReporter -->
<testsuite hostname="DESKTOP-6M5KVK5" failures="0" tests="2" name="parameter.Parameter2" time="0.007" errors="0" timestamp="20 Jun 2022 15:06:44 GMT" skipped="0">
  <testcase classname="parameter.Parameter2" name="username" time="0.006"/>
  <testcase classname="parameter.Parameter2" name="password" time="0.001"/>
</testsuite> <!-- parameter.Parameter2 -->
