<?xml version="1.0" encoding="UTF-8"?>
<!-- Generated by org.testng.reporters.JUnitReportReporter -->
<testsuite hostname="DESKTOP-6M5KVK5" failures="0" tests="2" name="flipkart.LoginPageExecution" time="0.122" errors="0" timestamp="20 Jun 2022 11:01:45 GMT" skipped="0">
  <testcase classname="flipkart.LoginPageExecution" name="pass" time="0.053"/>
  <testcase classname="flipkart.LoginPageExecution" name="email" time="0.069"/>
</testsuite> <!-- flipkart.LoginPageExecution -->
