<?xml version="1.0" encoding="UTF-8"?>
<!-- Generated by org.testng.reporters.JUnitReportReporter -->
<testsuite hostname="DESKTOP-6M5KVK5" failures="0" tests="4" name="listener.DataProvider1" time="8.664" errors="0" timestamp="26 Jun 2022 15:36:48 GMT" skipped="0">
  <testcase classname="listener.DataProvider1" name="launch" time="1.232"/>
  <testcase classname="listener.DataProvider1" name="launch" time="4.336"/>
  <testcase classname="listener.DataProvider1" name="launch" time="1.553"/>
  <testcase classname="listener.DataProvider1" name="launch" time="1.543"/>
</testsuite> <!-- listener.DataProvider1 -->
