<?xml version="1.0" encoding="UTF-8"?>
<!-- Generated by org.testng.reporters.JUnitReportReporter -->
<testsuite hostname="DESKTOP-6M5KVK5" failures="0" tests="3" name="sample.Sampletest" time="0.006" errors="0" timestamp="20 Jun 2022 07:26:10 GMT" skipped="1">
  <testcase classname="sample.Sampletest" name="password" time="0.005"/>
  <testcase classname="sample.Sampletest" name="userName" time="0.001"/>
  <testcase classname="sample.Sampletest" name="login">
    <skipped/>
  </testcase> <!-- login -->
</testsuite> <!-- sample.Sampletest -->
