<?xml version="1.0" encoding="UTF-8"?>
<!-- Generated by org.testng.reporters.JUnitReportReporter -->
<testsuite hostname="DESKTOP-6M5KVK5" failures="0" tests="4" name="listener.ExcelDataProvider" time="8.998" errors="0" timestamp="26 Jun 2022 15:39:24 GMT" skipped="0">
  <testcase classname="listener.ExcelDataProvider" name="launch" time="1.292"/>
  <testcase classname="listener.ExcelDataProvider" name="launch" time="1.973"/>
  <testcase classname="listener.ExcelDataProvider" name="launch" time="1.257"/>
  <testcase classname="listener.ExcelDataProvider" name="launch" time="4.476"/>
</testsuite> <!-- listener.ExcelDataProvider -->
