<?xml version="1.0" encoding="UTF-8"?>
<!-- Generated by org.testng.reporters.JUnitReportReporter -->
<testsuite hostname="DESKTOP-6M5KVK5" failures="0" tests="2" name="grouping.Group2" time="0.002" errors="0" timestamp="20 Jun 2022 09:20:06 GMT" skipped="0">
  <testcase classname="grouping.Group2" name="userName1" time="0.001"/>
  <testcase classname="grouping.Group2" name="login1" time="0.001"/>
</testsuite> <!-- grouping.Group2 -->
