<?xml version="1.0" encoding="UTF-8"?>
<!-- Generated by org.testng.reporters.JUnitReportReporter -->
<testsuite hostname="DESKTOP-6M5KVK5" failures="0" tests="10" name="listener.Sample3" time="0.014" errors="0" timestamp="27 Jun 2022 05:56:25 GMT" skipped="0">
  <testcase classname="listener.Sample3" name="sample3" time="0.006"/>
  <testcase classname="listener.Sample3" name="sample3" time="0.001"/>
  <testcase classname="listener.Sample3" name="sample3" time="0.001"/>
  <testcase classname="listener.Sample3" name="sample3" time="0.001"/>
  <testcase classname="listener.Sample3" name="sample3" time="0.001"/>
  <testcase classname="listener.Sample3" name="sample3" time="0.001"/>
  <testcase classname="listener.Sample3" name="sample3" time="0.001"/>
  <testcase classname="listener.Sample3" name="sample3" time="0.001"/>
  <testcase classname="listener.Sample3" name="sample3" time="0.001"/>
  <testcase classname="listener.Sample3" name="sample3" time="0.000"/>
</testsuite> <!-- listener.Sample3 -->
