<?xml version="1.0" encoding="UTF-8"?>
<!-- Generated by org.testng.reporters.JUnitReportReporter -->
<testsuite hostname="DESKTOP-6M5KVK5" failures="0" tests="3" name="grouping.Group1" time="0.007" errors="0" timestamp="20 Jun 2022 09:20:06 GMT" skipped="0">
  <testcase classname="grouping.Group1" name="password" time="0.001"/>
  <testcase classname="grouping.Group1" name="userName" time="0.000"/>
  <testcase classname="grouping.Group1" name="login" time="0.006"/>
</testsuite> <!-- grouping.Group1 -->
