<?xml version="1.0" encoding="UTF-8"?>
<!-- Generated by org.testng.reporters.JUnitReportReporter -->
<testsuite hostname="DESKTOP-6M5KVK5" failures="0" tests="3" name="group.Group1" time="0.008" errors="0" timestamp="20 Jun 2022 07:53:02 GMT" skipped="0">
  <testcase classname="group.Group1" name="username" time="0.006"/>
  <testcase classname="group.Group1" name="password" time="0.001"/>
  <testcase classname="group.Group1" name="click" time="0.001"/>
</testsuite> <!-- group.Group1 -->
